<?xml version="1.0" encoding="UTF-8"?>
<!-- Generated by org.testng.reporters.JUnitXMLReporter -->
<testsuite hostname="RAVI-PC" ignored="1" name="Default test" tests="5" failures="0" timestamp="11 Jun 2020 13:36:42 GMT" time="115.209" errors="0">
  <testcase name="createUsersTest" time="16.521" classname="com.qa.orangehrm.tests.AdminPageTest"/>
  <testcase name="createUsersTest" time="14.893" classname="com.qa.orangehrm.tests.AdminPageTest"/>
  <testcase name="createUsersTest" time="14.65" classname="com.qa.orangehrm.tests.AdminPageTest"/>
  <testcase name="createUsersTest" time="15.118" classname="com.qa.orangehrm.tests.AdminPageTest"/>
  <testcase name="createUsersTest" time="14.951" classname="com.qa.orangehrm.tests.AdminPageTest"/>
  <testcase name="verifyTitleTest" time="0.0" classname="com.qa.orangehrm.tests.AdminPageTest">
    <ignored/>
  </testcase> <!-- verifyTitleTest -->
</testsuite> <!-- Default test -->
