<?xml version="1.0" encoding="UTF-8"?>
<!-- Generated by org.testng.reporters.JUnitXMLReporter -->
<testsuite hostname="RAVI-PC" ignored="0" name="OrangeHRM regression test" tests="2" failures="0" timestamp="09 Jun 2020 06:28:38 GMT" time="42.953" errors="0">
  <testcase name="verifyLoginPageTitleTest" time="5.029" classname="com.qa.php.tests.LoginPageTest"/>
  <testcase name="verifyTitleTest" time="3.02" classname="com.qa.php.tests.HomePageTest"/>
</testsuite> <!-- OrangeHRM regression test -->
