<?xml version="1.0" encoding="UTF-8"?>
<!-- Generated by org.testng.reporters.JUnitXMLReporter -->
<testsuite hostname="RAVI-PC" ignored="0" name="Orange HRM Functional Regression Test" tests="2" failures="0" timestamp="09 Jun 2020 06:58:20 GMT" time="44.473" errors="0">
  <testcase name="verifyLoginPageTitleTest" time="5.102" classname="com.qa.php.tests.LoginPageTest"/>
  <testcase name="verifyTitleTest" time="3.018" classname="com.qa.php.tests.HomePageTest"/>
</testsuite> <!-- Orange HRM Functional Regression Test -->
