<?xml version="1.0" encoding="UTF-8"?>
<!-- Generated by org.testng.reporters.JUnitXMLReporter -->
<testsuite hostname="RAVI-PC" ignored="1" name="Command line test" tests="8" failures="0" timestamp="11 Jun 2020 03:48:54 GMT" time="47.188" errors="0">
  <testcase name="verifyTitleTest" time="0.029" classname="com.qa.orangehrm.tests.HomePageTest"/>
  <testcase name="verifyLoginPageTitleTest" time="0.029" classname="com.qa.orangehrm.tests.LoginPageTest"/>
  <testcase name="verifyHomepagebanner" time="0.691" classname="com.qa.orangehrm.tests.HomePageTest"/>
  <testcase name="verifyForgotpaswdLink" time="0.777" classname="com.qa.orangehrm.tests.LoginPageTest"/>
  <testcase name="verifyUserName" time="0.795" classname="com.qa.orangehrm.tests.HomePageTest"/>
  <testcase name="verifyLoginButton" time="0.789" classname="com.qa.orangehrm.tests.LoginPageTest"/>
  <testcase name="verifySocialIcons" time="0.667" classname="com.qa.orangehrm.tests.LoginPageTest"/>
  <testcase name="loginTest" time="8.158" classname="com.qa.orangehrm.tests.LoginPageTest"/>
  <testcase name="login_invalidTestcases" time="0.0" classname="com.qa.orangehrm.tests.LoginPageTest">
    <ignored/>
  </testcase> <!-- login_invalidTestcases -->
</testsuite> <!-- Command line test -->
