<?xml version="1.0" encoding="UTF-8"?>
<!-- Generated by org.testng.reporters.JUnitXMLReporter -->
<testsuite hostname="RAVI-PC" ignored="5" name="Orange HRM Functional Regression Test" tests="1" failures="0" timestamp="01 Jul 2020 13:49:25 GMT" time="68.705" errors="0">
  <testcase name="verifyLoginPageTitleTest" time="5.206" classname="com.qa.orangehrm.tests.LoginPageTest"/>
  <testcase name="verifyLoginButton" time="0.0" classname="com.qa.orangehrm.tests.LoginPageTest">
    <ignored/>
  </testcase> <!-- verifyLoginButton -->
  <testcase name="verifySocialIcons" time="0.0" classname="com.qa.orangehrm.tests.LoginPageTest">
    <ignored/>
  </testcase> <!-- verifySocialIcons -->
  <testcase name="login_invalidTestcases" time="0.0" classname="com.qa.orangehrm.tests.LoginPageTest">
    <ignored/>
  </testcase> <!-- login_invalidTestcases -->
  <testcase name="verifyForgotpaswdLink" time="0.0" classname="com.qa.orangehrm.tests.LoginPageTest">
    <ignored/>
  </testcase> <!-- verifyForgotpaswdLink -->
  <testcase name="loginTest" time="0.0" classname="com.qa.orangehrm.tests.LoginPageTest">
    <ignored/>
  </testcase> <!-- loginTest -->
</testsuite> <!-- Orange HRM Functional Regression Test -->
