<?xml version="1.0" encoding="UTF-8"?>
<testng-results skipped="0" failed="1" ignored="1" total="6" passed="4">
  <reporter-output>
  </reporter-output>
  <suite name="Orange HRM Regression Suite" duration-ms="50854" started-at="2020-06-12T16:40:45Z" finished-at="2020-06-12T16:41:36Z">
    <groups>
    </groups>
    <test name="Orange HRM Functional Regression Test" duration-ms="50854" started-at="2020-06-12T16:40:45Z" finished-at="2020-06-12T16:41:36Z">
      <class name="com.qa.orangehrm.tests.LoginPageTest">
        <test-method status="PASS" signature="setUp()[pri:0, instance:com.qa.orangehrm.tests.LoginPageTest@1d269ed7]" name="setUp" is-config="true" duration-ms="16121" started-at="2020-06-12T16:40:45Z" finished-at="2020-06-12T16:41:02Z">
          <reporter-output>
          </reporter-output>
        </test-method> <!-- setUp -->
        <test-method status="FAIL" signature="verifyLoginPageTitleTest()[pri:1, instance:com.qa.orangehrm.tests.LoginPageTest@1d269ed7]" name="verifyLoginPageTitleTest" duration-ms="20594" started-at="2020-06-12T16:41:02Z" finished-at="2020-06-12T16:41:22Z">
          <exception class="org.openqa.selenium.TimeoutException">
            <message>
              <![CDATA[Supplied function might have stalled
Build info: version: '4.0.0-alpha-5', revision: 'b3a0d621cc'
System info: host: 'RAVI-PC', ip: '192.168.1.3', os.name: 'Windows 7', os.arch: 'amd64', os.version: '6.1', java.version: '1.8.0_91'
Driver info: driver.version: unknown]]>
            </message>
            <full-stacktrace>
              <![CDATA[org.openqa.selenium.TimeoutException: Supplied function might have stalled
Build info: version: '4.0.0-alpha-5', revision: 'b3a0d621cc'
System info: host: 'RAVI-PC', ip: '192.168.1.3', os.name: 'Windows 7', os.arch: 'amd64', os.version: '6.1', java.version: '1.8.0_91'
Driver info: driver.version: unknown
at org.openqa.selenium.support.ui.FluentWait.until(FluentWait.java:221)
at com.qa.orangehrm.util.ElementUtil.waitForTitlePresent(ElementUtil.java:41)
at com.qa.orangehrm.pages.LoginPage.getPageTitle(LoginPage.java:36)
at com.qa.orangehrm.tests.LoginPageTest.verifyLoginPageTitleTest(LoginPageTest.java:52)
at sun.reflect.NativeMethodAccessorImpl.invoke0(Native Method)
at sun.reflect.NativeMethodAccessorImpl.invoke(Unknown Source)
at sun.reflect.DelegatingMethodAccessorImpl.invoke(Unknown Source)
at java.lang.reflect.Method.invoke(Unknown Source)
at org.testng.internal.MethodInvocationHelper.invokeMethod(MethodInvocationHelper.java:124)
at org.testng.internal.Invoker.invokeMethod(Invoker.java:583)
at org.testng.internal.Invoker.invokeTestMethod(Invoker.java:719)
at org.testng.internal.Invoker.invokeTestMethods(Invoker.java:989)
at org.testng.internal.TestMethodWorker.invokeTestMethods(TestMethodWorker.java:125)
at org.testng.internal.TestMethodWorker.run(TestMethodWorker.java:109)
at org.testng.TestRunner.privateRun(TestRunner.java:648)
at org.testng.TestRunner.run(TestRunner.java:505)
at org.testng.SuiteRunner.runTest(SuiteRunner.java:455)
at org.testng.SuiteRunner.runSequentially(SuiteRunner.java:450)
at org.testng.SuiteRunner.privateRun(SuiteRunner.java:415)
at org.testng.SuiteRunner.run(SuiteRunner.java:364)
at org.testng.SuiteRunnerWorker.runSuite(SuiteRunnerWorker.java:52)
at org.testng.SuiteRunnerWorker.run(SuiteRunnerWorker.java:84)
at org.testng.TestNG.runSuitesSequentially(TestNG.java:1208)
at org.testng.TestNG.runSuitesLocally(TestNG.java:1137)
at org.testng.TestNG.runSuites(TestNG.java:1049)
at org.testng.TestNG.run(TestNG.java:1017)
at org.testng.remote.AbstractRemoteTestNG.run(AbstractRemoteTestNG.java:115)
at org.testng.remote.RemoteTestNG.initAndRun(RemoteTestNG.java:251)
at org.testng.remote.RemoteTestNG.main(RemoteTestNG.java:77)
Caused by: java.util.concurrent.TimeoutException
at java.util.concurrent.CompletableFuture.timedGet(Unknown Source)
at java.util.concurrent.CompletableFuture.get(Unknown Source)
at org.openqa.selenium.support.ui.FluentWait.until(FluentWait.java:209)
... 28 more
]]>
            </full-stacktrace>
          </exception> <!-- org.openqa.selenium.TimeoutException -->
          <reporter-output>
          </reporter-output>
        </test-method> <!-- verifyLoginPageTitleTest -->
        <test-method status="PASS" signature="verifyForgotpaswdLink()[pri:2, instance:com.qa.orangehrm.tests.LoginPageTest@1d269ed7]" name="verifyForgotpaswdLink" duration-ms="1064" started-at="2020-06-12T16:41:23Z" finished-at="2020-06-12T16:41:24Z">
          <reporter-output>
          </reporter-output>
        </test-method> <!-- verifyForgotpaswdLink -->
        <test-method status="PASS" signature="verifyLoginButton()[pri:3, instance:com.qa.orangehrm.tests.LoginPageTest@1d269ed7]" name="verifyLoginButton" duration-ms="839" started-at="2020-06-12T16:41:24Z" finished-at="2020-06-12T16:41:25Z">
          <reporter-output>
          </reporter-output>
        </test-method> <!-- verifyLoginButton -->
        <test-method status="PASS" signature="verifySocialIcons()[pri:4, instance:com.qa.orangehrm.tests.LoginPageTest@1d269ed7]" name="verifySocialIcons" duration-ms="717" started-at="2020-06-12T16:41:25Z" finished-at="2020-06-12T16:41:26Z">
          <reporter-output>
          </reporter-output>
        </test-method> <!-- verifySocialIcons -->
        <test-method status="PASS" signature="loginTest()[pri:5, instance:com.qa.orangehrm.tests.LoginPageTest@1d269ed7]" name="loginTest" duration-ms="8915" started-at="2020-06-12T16:41:26Z" finished-at="2020-06-12T16:41:34Z">
          <reporter-output>
          </reporter-output>
        </test-method> <!-- loginTest -->
        <test-method status="PASS" signature="tearDown()[pri:0, instance:com.qa.orangehrm.tests.LoginPageTest@1d269ed7]" name="tearDown" is-config="true" duration-ms="1271" started-at="2020-06-12T16:41:34Z" finished-at="2020-06-12T16:41:36Z">
          <reporter-output>
          </reporter-output>
        </test-method> <!-- tearDown -->
      </class> <!-- com.qa.orangehrm.tests.LoginPageTest -->
    </test> <!-- Orange HRM Functional Regression Test -->
  </suite> <!-- Orange HRM Regression Suite -->
</testng-results>
