<?xml version="1.0" encoding="UTF-8"?>
<testng-results skipped="0" failed="0" ignored="5" total="6" passed="1">
  <reporter-output>
  </reporter-output>
  <suite name="Orange HRM Regression Suite" duration-ms="68705" started-at="2020-07-01T13:48:16Z" finished-at="2020-07-01T13:49:25Z">
    <groups>
    </groups>
    <test name="Orange HRM Functional Regression Test" duration-ms="68705" started-at="2020-07-01T13:48:16Z" finished-at="2020-07-01T13:49:25Z">
      <class name="com.qa.orangehrm.tests.LoginPageTest">
        <test-method status="PASS" signature="setUp(java.lang.String)[pri:0, instance:com.qa.orangehrm.tests.LoginPageTest@1fd386c3]" name="setUp" is-config="true" duration-ms="59786" started-at="2020-07-01T13:48:17Z" finished-at="2020-07-01T13:49:17Z">
          <params>
            <param index="0">
              <value>
                <![CDATA[chrome]]>
              </value>
            </param>
          </params>
          <reporter-output>
          </reporter-output>
        </test-method> <!-- setUp -->
        <test-method status="PASS" signature="verifyLoginPageTitleTest()[pri:1, instance:com.qa.orangehrm.tests.LoginPageTest@1fd386c3]" name="verifyLoginPageTitleTest" duration-ms="5206" started-at="2020-07-01T13:49:17Z" finished-at="2020-07-01T13:49:22Z">
          <reporter-output>
          </reporter-output>
        </test-method> <!-- verifyLoginPageTitleTest -->
        <test-method status="PASS" signature="tearDown()[pri:0, instance:com.qa.orangehrm.tests.LoginPageTest@1fd386c3]" name="tearDown" is-config="true" duration-ms="2464" started-at="2020-07-01T13:49:22Z" finished-at="2020-07-01T13:49:25Z">
          <reporter-output>
          </reporter-output>
        </test-method> <!-- tearDown -->
      </class> <!-- com.qa.orangehrm.tests.LoginPageTest -->
    </test> <!-- Orange HRM Functional Regression Test -->
  </suite> <!-- Orange HRM Regression Suite -->
</testng-results>
